<?xml version="1.0" encoding="UTF-8"?>
<!-- Generated by org.testng.reporters.JUnitReportReporter -->
<testsuite hostname="DESKTOP-E7EDSJ7" failures="0" tests="1" name="demojava9.TestCase" time="23.120" errors="0" timestamp="27 Jul 2018 03:18:52 GMT" skipped="0">
  <testcase classname="demojava9.TestCase" name="tc" time="23.120"/>
</testsuite> <!-- demojava9.TestCase -->
