<?xml version="1.0" encoding="UTF-8"?>
<!-- Generated by org.testng.reporters.JUnitReportReporter -->
<testsuite hostname="DESKTOP-E7EDSJ7" failures="0" tests="1" name="demojava9.DatabaseTesting" time="0.626" errors="0" timestamp="26 Feb 2018 04:27:55 GMT" skipped="0">
  <testcase classname="demojava9.DatabaseTesting" name="TestCase_dbconnection" time="0.626"/>
</testsuite> <!-- demojava9.DatabaseTesting -->
